c:\users\dennisa sawyer\documents\visual studio 2015\projects\healthbarexample\healthbarexample\healthbarexample\debug\healthbarexample.pch
c:\users\dennisa sawyer\documents\visual studio 2015\projects\healthbarexample\healthbarexample\healthbarexample\debug\vc140.pdb
c:\users\dennisa sawyer\documents\visual studio 2015\projects\healthbarexample\healthbarexample\healthbarexample\debug\vc140.idb
c:\users\dennisa sawyer\documents\visual studio 2015\projects\healthbarexample\healthbarexample\healthbarexample\debug\stdafx.obj
c:\users\dennisa sawyer\documents\visual studio 2015\projects\healthbarexample\healthbarexample\healthbarexample\debug\dxapp.obj
c:\users\dennisa sawyer\documents\visual studio 2015\projects\healthbarexample\healthbarexample\healthbarexample\debug\healthbarexample.obj
c:\users\dennisa sawyer\documents\visual studio 2015\projects\healthbarexample\healthbarexample\healthbarexample\pixelshader.csh
c:\users\dennisa sawyer\documents\visual studio 2015\projects\healthbarexample\healthbarexample\debug\pixelshader.cso
c:\users\dennisa sawyer\documents\visual studio 2015\projects\healthbarexample\healthbarexample\healthbarexample\vertexshader.csh
c:\users\dennisa sawyer\documents\visual studio 2015\projects\healthbarexample\healthbarexample\debug\vertexshader.cso
c:\users\dennisa sawyer\documents\visual studio 2015\projects\healthbarexample\healthbarexample\debug\healthbarexample.ilk
c:\users\dennisa sawyer\documents\visual studio 2015\projects\healthbarexample\healthbarexample\debug\healthbarexample.exe
c:\users\dennisa sawyer\documents\visual studio 2015\projects\healthbarexample\healthbarexample\debug\healthbarexample.pdb
c:\users\dennisa sawyer\documents\visual studio 2015\projects\healthbarexample\healthbarexample\healthbarexample\debug\healthbarexample.res
c:\users\dennisa sawyer\documents\visual studio 2015\projects\healthbarexample\healthbarexample\healthbarexample\debug\healthbarexample.tlog\cl.command.1.tlog
c:\users\dennisa sawyer\documents\visual studio 2015\projects\healthbarexample\healthbarexample\healthbarexample\debug\healthbarexample.tlog\cl.read.1.tlog
c:\users\dennisa sawyer\documents\visual studio 2015\projects\healthbarexample\healthbarexample\healthbarexample\debug\healthbarexample.tlog\cl.write.1.tlog
c:\users\dennisa sawyer\documents\visual studio 2015\projects\healthbarexample\healthbarexample\healthbarexample\debug\healthbarexample.tlog\fxc.command.1.tlog
c:\users\dennisa sawyer\documents\visual studio 2015\projects\healthbarexample\healthbarexample\healthbarexample\debug\healthbarexample.tlog\fxc.read.1.tlog
c:\users\dennisa sawyer\documents\visual studio 2015\projects\healthbarexample\healthbarexample\healthbarexample\debug\healthbarexample.tlog\fxc.write.1.tlog
c:\users\dennisa sawyer\documents\visual studio 2015\projects\healthbarexample\healthbarexample\healthbarexample\debug\healthbarexample.tlog\healthbarexample.write.1u.tlog
c:\users\dennisa sawyer\documents\visual studio 2015\projects\healthbarexample\healthbarexample\healthbarexample\debug\healthbarexample.tlog\link.command.1.tlog
c:\users\dennisa sawyer\documents\visual studio 2015\projects\healthbarexample\healthbarexample\healthbarexample\debug\healthbarexample.tlog\link.read.1.tlog
c:\users\dennisa sawyer\documents\visual studio 2015\projects\healthbarexample\healthbarexample\healthbarexample\debug\healthbarexample.tlog\link.write.1.tlog
c:\users\dennisa sawyer\documents\visual studio 2015\projects\healthbarexample\healthbarexample\healthbarexample\debug\healthbarexample.tlog\rc.command.1.tlog
c:\users\dennisa sawyer\documents\visual studio 2015\projects\healthbarexample\healthbarexample\healthbarexample\debug\healthbarexample.tlog\rc.read.1.tlog
c:\users\dennisa sawyer\documents\visual studio 2015\projects\healthbarexample\healthbarexample\healthbarexample\debug\healthbarexample.tlog\rc.write.1.tlog
